<?xml version="1.0" encoding="UTF-8"?>
<!-- Generated by org.testng.reporters.JUnitXMLReporter -->
<testsuite ignored="0" hostname="DESKTOP-FSPGNRN" failures="0" tests="4" name="Default test" time="8.419" errors="0" timestamp="2025-03-21T00:00:56 IST">
  <testcase classname="api.test.UserTest" name="testPostUser" time="3.72"/>
  <testcase classname="api.test.UserTest" name="testGetUser" time="1.162"/>
  <testcase classname="api.test.UserTest" name="testPutUser" time="1.183"/>
  <testcase classname="api.test.UserTest" name="testDeleteUser" time="1.193"/>
</testsuite> <!-- Default test -->
