<?xml version="1.0" encoding="UTF-8"?>
<!-- Generated by org.testng.reporters.JUnitXMLReporter -->
<testsuite ignored="0" hostname="DESKTOP-FSPGNRN" failures="0" tests="4" name="Test" time="9.171" errors="0" timestamp="2025-03-21T01:44:28 IST">
  <testcase classname="api.test.UserTestFromRouteProperty" name="testPostUser" time="3.806"/>
  <testcase classname="api.test.UserTestFromRouteProperty" name="testGetUser" time="1.196"/>
  <testcase classname="api.test.UserTestFromRouteProperty" name="testPutUser" time="1.156"/>
  <testcase classname="api.test.UserTestFromRouteProperty" name="testDeleteUser" time="1.093"/>
</testsuite> <!-- Test -->
