<?xml version="1.0" encoding="UTF-8"?>
<testng-results ignored="0" total="4" passed="4" failed="0" skipped="0">
  <reporter-output>
  </reporter-output>
  <suite started-at="2025-03-21T02:50:18 IST" name="Suite" finished-at="2025-03-21T02:50:32 IST" duration-ms="13566">
    <groups>
    </groups>
    <test started-at="2025-03-21T02:50:18 IST" name="Test" finished-at="2025-03-21T02:50:32 IST" duration-ms="13566">
      <class name="api.test.UserTestFromRouteProperty">
        <test-method is-config="true" signature="fetchUserInformation()[pri:0, instance:api.test.UserTestFromRouteProperty@158da8e]" started-at="2025-03-21T02:50:19 IST" name="fetchUserInformation" finished-at="2025-03-21T02:50:22 IST" duration-ms="2676" status="PASS">
          <reporter-output>
          </reporter-output>
        </test-method> <!-- fetchUserInformation -->
        <test-method signature="testPostUser()[pri:1, instance:api.test.UserTestFromRouteProperty@158da8e]" started-at="2025-03-21T02:50:22 IST" name="testPostUser" finished-at="2025-03-21T02:50:28 IST" duration-ms="6335" status="PASS">
          <reporter-output>
          </reporter-output>
        </test-method> <!-- testPostUser -->
        <test-method signature="testGetUser()[pri:2, instance:api.test.UserTestFromRouteProperty@158da8e]" started-at="2025-03-21T02:50:28 IST" name="testGetUser" finished-at="2025-03-21T02:50:29 IST" duration-ms="1163" status="PASS">
          <reporter-output>
          </reporter-output>
        </test-method> <!-- testGetUser -->
        <test-method signature="testPutUser()[pri:3, instance:api.test.UserTestFromRouteProperty@158da8e]" started-at="2025-03-21T02:50:29 IST" name="testPutUser" finished-at="2025-03-21T02:50:30 IST" duration-ms="1126" status="PASS">
          <reporter-output>
          </reporter-output>
        </test-method> <!-- testPutUser -->
        <test-method signature="testDeleteUser()[pri:4, instance:api.test.UserTestFromRouteProperty@158da8e]" started-at="2025-03-21T02:50:31 IST" name="testDeleteUser" finished-at="2025-03-21T02:50:32 IST" duration-ms="1197" status="PASS">
          <reporter-output>
          </reporter-output>
        </test-method> <!-- testDeleteUser -->
      </class> <!-- api.test.UserTestFromRouteProperty -->
    </test> <!-- Test -->
  </suite> <!-- Suite -->
</testng-results>
