<?xml version="1.0" encoding="UTF-8"?>
<testng-results ignored="0" total="4" passed="4" failed="0" skipped="0">
  <reporter-output>
  </reporter-output>
  <suite started-at="2025-03-21T01:44:19 IST" name="Suite" finished-at="2025-03-21T01:44:28 IST" duration-ms="9171">
    <groups>
    </groups>
    <test started-at="2025-03-21T01:44:19 IST" name="Test" finished-at="2025-03-21T01:44:28 IST" duration-ms="9171">
      <class name="api.test.UserTestFromRouteProperty">
        <test-method is-config="true" signature="fetchUserInformation()[pri:0, instance:api.test.UserTestFromRouteProperty@22ff4249]" started-at="2025-03-21T01:44:19 IST" name="fetchUserInformation" finished-at="2025-03-21T01:44:20 IST" duration-ms="1471" status="PASS">
          <reporter-output>
          </reporter-output>
        </test-method> <!-- fetchUserInformation -->
        <test-method signature="testPostUser()[pri:1, instance:api.test.UserTestFromRouteProperty@22ff4249]" started-at="2025-03-21T01:44:21 IST" name="testPostUser" finished-at="2025-03-21T01:44:24 IST" duration-ms="3806" status="PASS">
          <reporter-output>
          </reporter-output>
        </test-method> <!-- testPostUser -->
        <test-method signature="testGetUser()[pri:2, instance:api.test.UserTestFromRouteProperty@22ff4249]" started-at="2025-03-21T01:44:24 IST" name="testGetUser" finished-at="2025-03-21T01:44:26 IST" duration-ms="1196" status="PASS">
          <reporter-output>
          </reporter-output>
        </test-method> <!-- testGetUser -->
        <test-method signature="testPutUser()[pri:3, instance:api.test.UserTestFromRouteProperty@22ff4249]" started-at="2025-03-21T01:44:26 IST" name="testPutUser" finished-at="2025-03-21T01:44:27 IST" duration-ms="1156" status="PASS">
          <reporter-output>
          </reporter-output>
        </test-method> <!-- testPutUser -->
        <test-method signature="testDeleteUser()[pri:4, instance:api.test.UserTestFromRouteProperty@22ff4249]" started-at="2025-03-21T01:44:27 IST" name="testDeleteUser" finished-at="2025-03-21T01:44:28 IST" duration-ms="1093" status="PASS">
          <reporter-output>
          </reporter-output>
        </test-method> <!-- testDeleteUser -->
      </class> <!-- api.test.UserTestFromRouteProperty -->
    </test> <!-- Test -->
  </suite> <!-- Suite -->
</testng-results>
